2018-08-01 11:24:44  [ http-apr-8080-exec-8:0 ] - [ INFO ]  FrameworkServlet 'springmvc': initialization started
2018-08-01 11:24:44  [ http-apr-8080-exec-8:31 ] - [ INFO ]  Refreshing WebApplicationContext for namespace 'springmvc-servlet': startup date [Wed Aug 01 11:24:44 CST 2018]; root of context hierarchy
2018-08-01 11:24:44  [ http-apr-8080-exec-8:74 ] - [ INFO ]  Loading XML bean definitions from class path resource [springmvc.xml]
2018-08-01 11:24:45  [ http-apr-8080-exec-8:508 ] - [ INFO ]  Mapped URL path [/queryItems_test1.action] onto handler 'itemsController2'
2018-08-01 11:24:45  [ http-apr-8080-exec-8:509 ] - [ INFO ]  Mapped URL path [/queryItems_test2.action] onto handler 'itemsController3'
2018-08-01 11:24:45  [ http-apr-8080-exec-8:528 ] - [ INFO ]  Mapped URL path [/queryItems3.action] onto handler 'itemsController3'
2018-08-01 11:24:45  [ http-apr-8080-exec-8:556 ] - [ INFO ]  Mapped URL path [/queryItems2.action] onto handler 'itemsController2'
2018-08-01 11:24:45  [ http-apr-8080-exec-8:612 ] - [ INFO ]  Mapped "{[/queryItems]}" onto public org.springframework.web.servlet.ModelAndView com.ljj.ssm.controller.ItemController3.queryItems() throws java.lang.Exception
2018-08-01 11:24:45  [ http-apr-8080-exec-8:673 ] - [ INFO ]  Looking for @ControllerAdvice: WebApplicationContext for namespace 'springmvc-servlet': startup date [Wed Aug 01 11:24:44 CST 2018]; root of context hierarchy
2018-08-01 11:24:45  [ http-apr-8080-exec-8:843 ] - [ INFO ]  FrameworkServlet 'springmvc': initialization completed in 835 ms
2018-08-01 11:57:22  [ localhost-startStop-2:1957430 ] - [ INFO ]  Closing WebApplicationContext for namespace 'springmvc-servlet': startup date [Wed Aug 01 11:24:44 CST 2018]; root of context hierarchy
2018-08-01 11:57:39  [ http-apr-8080-exec-8:0 ] - [ INFO ]  FrameworkServlet 'springmvc': initialization started
2018-08-01 11:57:39  [ http-apr-8080-exec-8:24 ] - [ INFO ]  Refreshing WebApplicationContext for namespace 'springmvc-servlet': startup date [Wed Aug 01 11:57:39 CST 2018]; root of context hierarchy
2018-08-01 11:57:39  [ http-apr-8080-exec-8:63 ] - [ INFO ]  Loading XML bean definitions from class path resource [springmvc.xml]
2018-08-01 11:57:39  [ http-apr-8080-exec-8:776 ] - [ INFO ]  Mapped "{[/queryItems]}" onto public org.springframework.web.servlet.ModelAndView com.ljj.ssm.controller.ItemController3.queryItems() throws java.lang.Exception
2018-08-01 11:57:40  [ http-apr-8080-exec-8:875 ] - [ INFO ]  Looking for @ControllerAdvice: WebApplicationContext for namespace 'springmvc-servlet': startup date [Wed Aug 01 11:57:39 CST 2018]; root of context hierarchy
2018-08-01 11:57:40  [ http-apr-8080-exec-8:921 ] - [ INFO ]  Looking for @ControllerAdvice: WebApplicationContext for namespace 'springmvc-servlet': startup date [Wed Aug 01 11:57:39 CST 2018]; root of context hierarchy
2018-08-01 11:57:40  [ http-apr-8080-exec-8:953 ] - [ INFO ]  Mapped URL path [/queryItems_test1.action] onto handler 'itemsController2'
2018-08-01 11:57:40  [ http-apr-8080-exec-8:954 ] - [ INFO ]  Mapped URL path [/queryItems_test2.action] onto handler 'itemsController3'
2018-08-01 11:57:40  [ http-apr-8080-exec-8:960 ] - [ INFO ]  Mapped URL path [/queryItems_test1.action] onto handler 'itemsController2'
2018-08-01 11:57:40  [ http-apr-8080-exec-8:960 ] - [ INFO ]  Mapped URL path [/queryItems_test2.action] onto handler 'itemsController3'
2018-08-01 11:57:40  [ http-apr-8080-exec-8:967 ] - [ INFO ]  Mapped URL path [/queryItems3.action] onto handler 'itemsController3'
2018-08-01 11:57:40  [ http-apr-8080-exec-8:968 ] - [ INFO ]  Mapped URL path [/queryItems2.action] onto handler 'itemsController2'
2018-08-01 11:57:40  [ http-apr-8080-exec-8:1062 ] - [ INFO ]  FrameworkServlet 'springmvc': initialization completed in 1059 ms
2018-08-01 12:38:19  [ localhost-startStop-2:2440671 ] - [ INFO ]  Closing WebApplicationContext for namespace 'springmvc-servlet': startup date [Wed Aug 01 11:57:39 CST 2018]; root of context hierarchy
2018-08-01 12:38:41  [ http-apr-8080-exec-9:0 ] - [ INFO ]  FrameworkServlet 'springmvc': initialization started
2018-08-01 12:38:41  [ http-apr-8080-exec-9:28 ] - [ INFO ]  Refreshing WebApplicationContext for namespace 'springmvc-servlet': startup date [Wed Aug 01 12:38:41 CST 2018]; root of context hierarchy
2018-08-01 12:38:42  [ http-apr-8080-exec-9:74 ] - [ INFO ]  Loading XML bean definitions from class path resource [springmvc.xml]
2018-08-01 12:38:42  [ http-apr-8080-exec-9:854 ] - [ INFO ]  Mapped "{[/queryItems]}" onto public org.springframework.web.servlet.ModelAndView com.ljj.ssm.controller.ItemController3.queryItems() throws java.lang.Exception
2018-08-01 12:38:42  [ http-apr-8080-exec-9:955 ] - [ INFO ]  Looking for @ControllerAdvice: WebApplicationContext for namespace 'springmvc-servlet': startup date [Wed Aug 01 12:38:41 CST 2018]; root of context hierarchy
2018-08-01 12:38:42  [ http-apr-8080-exec-9:1026 ] - [ INFO ]  Looking for @ControllerAdvice: WebApplicationContext for namespace 'springmvc-servlet': startup date [Wed Aug 01 12:38:41 CST 2018]; root of context hierarchy
2018-08-01 12:38:42  [ http-apr-8080-exec-9:1065 ] - [ INFO ]  Mapped URL path [/queryItems_test1.action] onto handler 'itemsController2'
2018-08-01 12:38:42  [ http-apr-8080-exec-9:1066 ] - [ INFO ]  Mapped URL path [/queryItems_test2.action] onto handler 'itemsController3'
2018-08-01 12:38:43  [ http-apr-8080-exec-9:1077 ] - [ INFO ]  Mapped URL path [/queryItems_test1.action] onto handler 'itemsController2'
2018-08-01 12:38:43  [ http-apr-8080-exec-9:1077 ] - [ INFO ]  Mapped URL path [/queryItems_test2.action] onto handler 'itemsController3'
2018-08-01 12:38:43  [ http-apr-8080-exec-9:1084 ] - [ INFO ]  Mapped URL path [/queryItems3.action] onto handler 'itemsController3'
2018-08-01 12:38:43  [ http-apr-8080-exec-9:1084 ] - [ INFO ]  Mapped URL path [/queryItems2.action] onto handler 'itemsController2'
2018-08-01 12:38:43  [ http-apr-8080-exec-9:1181 ] - [ INFO ]  FrameworkServlet 'springmvc': initialization completed in 1179 ms
2018-08-01 12:39:08  [ localhost-startStop-2:27046 ] - [ INFO ]  Closing WebApplicationContext for namespace 'springmvc-servlet': startup date [Wed Aug 01 12:38:41 CST 2018]; root of context hierarchy
2018-08-01 12:39:36  [ http-apr-8080-exec-9:0 ] - [ INFO ]  FrameworkServlet 'springmvc': initialization started
2018-08-01 12:39:36  [ http-apr-8080-exec-9:35 ] - [ INFO ]  Refreshing WebApplicationContext for namespace 'springmvc-servlet': startup date [Wed Aug 01 12:39:36 CST 2018]; root of context hierarchy
2018-08-01 12:39:36  [ http-apr-8080-exec-9:79 ] - [ INFO ]  Loading XML bean definitions from class path resource [springmvc.xml]
2018-08-01 12:39:37  [ http-apr-8080-exec-9:1004 ] - [ INFO ]  Mapped "{[/queryItems]}" onto public org.springframework.web.servlet.ModelAndView com.ljj.ssm.controller.ItemController3.queryItems() throws java.lang.Exception
2018-08-01 12:39:37  [ http-apr-8080-exec-9:1102 ] - [ INFO ]  Looking for @ControllerAdvice: WebApplicationContext for namespace 'springmvc-servlet': startup date [Wed Aug 01 12:39:36 CST 2018]; root of context hierarchy
2018-08-01 12:39:37  [ http-apr-8080-exec-9:1155 ] - [ INFO ]  Looking for @ControllerAdvice: WebApplicationContext for namespace 'springmvc-servlet': startup date [Wed Aug 01 12:39:36 CST 2018]; root of context hierarchy
2018-08-01 12:39:37  [ http-apr-8080-exec-9:1189 ] - [ INFO ]  Mapped URL path [/queryItems_test1.action] onto handler 'itemsController2'
2018-08-01 12:39:37  [ http-apr-8080-exec-9:1189 ] - [ INFO ]  Mapped URL path [/queryItems_test2.action] onto handler 'itemsController3'
2018-08-01 12:39:37  [ http-apr-8080-exec-9:1198 ] - [ INFO ]  Mapped URL path [/queryItems_test1.action] onto handler 'itemsController2'
2018-08-01 12:39:37  [ http-apr-8080-exec-9:1199 ] - [ INFO ]  Mapped URL path [/queryItems_test2.action] onto handler 'itemsController3'
2018-08-01 12:39:37  [ http-apr-8080-exec-9:1206 ] - [ INFO ]  Mapped URL path [/queryItems3.action] onto handler 'itemsController3'
2018-08-01 12:39:37  [ http-apr-8080-exec-9:1206 ] - [ INFO ]  Mapped URL path [/queryItems2.action] onto handler 'itemsController2'
2018-08-01 12:39:37  [ http-apr-8080-exec-9:1296 ] - [ INFO ]  FrameworkServlet 'springmvc': initialization completed in 1294 ms
2018-08-01 12:40:24  [ localhost-startStop-2:48092 ] - [ INFO ]  Closing WebApplicationContext for namespace 'springmvc-servlet': startup date [Wed Aug 01 12:39:36 CST 2018]; root of context hierarchy
2018-08-01 12:40:42  [ http-apr-8080-exec-9:0 ] - [ INFO ]  FrameworkServlet 'springmvc': initialization started
2018-08-01 12:40:42  [ http-apr-8080-exec-9:30 ] - [ INFO ]  Refreshing WebApplicationContext for namespace 'springmvc-servlet': startup date [Wed Aug 01 12:40:42 CST 2018]; root of context hierarchy
2018-08-01 12:40:42  [ http-apr-8080-exec-9:74 ] - [ INFO ]  Loading XML bean definitions from class path resource [springmvc.xml]
2018-08-01 12:40:43  [ http-apr-8080-exec-9:970 ] - [ INFO ]  Mapped "{[/queryItems]}" onto public org.springframework.web.servlet.ModelAndView com.ljj.ssm.controller.ItemController3.queryItems() throws java.lang.Exception
2018-08-01 12:40:43  [ http-apr-8080-exec-9:1061 ] - [ INFO ]  Looking for @ControllerAdvice: WebApplicationContext for namespace 'springmvc-servlet': startup date [Wed Aug 01 12:40:42 CST 2018]; root of context hierarchy
2018-08-01 12:40:43  [ http-apr-8080-exec-9:1107 ] - [ INFO ]  Looking for @ControllerAdvice: WebApplicationContext for namespace 'springmvc-servlet': startup date [Wed Aug 01 12:40:42 CST 2018]; root of context hierarchy
2018-08-01 12:40:43  [ http-apr-8080-exec-9:1139 ] - [ INFO ]  Mapped URL path [/queryItems_test1.action] onto handler 'itemsController2'
2018-08-01 12:40:43  [ http-apr-8080-exec-9:1140 ] - [ INFO ]  Mapped URL path [/queryItems_test2.action] onto handler 'itemsController3'
2018-08-01 12:40:43  [ http-apr-8080-exec-9:1145 ] - [ INFO ]  Mapped URL path [/queryItems_test1.action] onto handler 'itemsController2'
2018-08-01 12:40:43  [ http-apr-8080-exec-9:1146 ] - [ INFO ]  Mapped URL path [/queryItems_test2.action] onto handler 'itemsController3'
2018-08-01 12:40:43  [ http-apr-8080-exec-9:1153 ] - [ INFO ]  Mapped URL path [/queryItems3.action] onto handler 'itemsController3'
2018-08-01 12:40:43  [ http-apr-8080-exec-9:1154 ] - [ INFO ]  Mapped URL path [/queryItems2.action] onto handler 'itemsController2'
2018-08-01 12:40:43  [ http-apr-8080-exec-9:1244 ] - [ INFO ]  FrameworkServlet 'springmvc': initialization completed in 1240 ms
2018-08-01 12:40:51  [ localhost-startStop-1:9386 ] - [ INFO ]  Closing WebApplicationContext for namespace 'springmvc-servlet': startup date [Wed Aug 01 12:40:42 CST 2018]; root of context hierarchy
